<?xml version="1.0" encoding="UTF-8"?>
<testng-results skipped="0" failed="0" total="1" passed="1">
  <reporter-output>
  </reporter-output>
  <suite name="Default suite" duration-ms="43783" started-at="2019-10-29T01:06:05Z" finished-at="2019-10-29T01:06:49Z">
    <groups>
    </groups>
    <test name="Default test" duration-ms="43783" started-at="2019-10-29T01:06:05Z" finished-at="2019-10-29T01:06:49Z">
      <class name="com.ww.testCases.StudioSchedulePageTest">
        <test-method status="PASS" signature="setUp()[pri:0, instance:com.ww.testCases.StudioSchedulePageTest@4cc0edeb]" name="setUp" is-config="true" duration-ms="32948" started-at="2019-10-28T21:06:05Z" finished-at="2019-10-28T21:06:38Z">
          <reporter-output>
          </reporter-output>
        </test-method> <!-- setUp -->
        <test-method status="PASS" signature="DisplayedLocationNameTest()[pri:0, instance:com.ww.testCases.StudioSchedulePageTest@4cc0edeb]" name="DisplayedLocationNameTest" duration-ms="9015" started-at="2019-10-28T21:06:38Z" finished-at="2019-10-28T21:06:47Z">
          <reporter-output>
          </reporter-output>
        </test-method> <!-- DisplayedLocationNameTest -->
        <test-method status="PASS" signature="shutdown()[pri:0, instance:com.ww.testCases.StudioSchedulePageTest@4cc0edeb]" name="shutdown" is-config="true" duration-ms="1767" started-at="2019-10-28T21:06:47Z" finished-at="2019-10-28T21:06:49Z">
          <reporter-output>
          </reporter-output>
        </test-method> <!-- shutdown -->
      </class> <!-- com.ww.testCases.StudioSchedulePageTest -->
    </test> <!-- Default test -->
  </suite> <!-- Default suite -->
</testng-results>
